android/app/build/intermediates/manifest_merge_blame_file/debug/manifest-merger-blame-debug-report.txt
1<?xml version="1.0" encoding="utf-8"?>
2<manifest xmlns:android="http://schemas.android.com/apk/res/android"
3    package="com.itc"
4    android:versionCode="1"
5    android:versionName="1.0" >
6
7    <uses-sdk
8        android:minSdkVersion="23"
9        android:targetSdkVersion="34" />
10
11    <uses-permission android:name="android.permission.INTERNET" />
11-->src\main\AndroidManifest.xml:5:5-67
11-->src\main\AndroidManifest.xml:5:22-64
12    <uses-permission android:name="android.permission.ACCESS_WIFI_STATE" />
12-->[com.facebook.flipper:flipper:0.125.0] AndroidManifest.xml:16:5-76
12-->[com.facebook.flipper:flipper:0.125.0] AndroidManifest.xml:16:22-73
13    <!--
14    This manifest file is used only by Gradle to configure debug-only capabilities
15    for React Native Apps.
16    -->
17    <uses-permission android:name="android.permission.SYSTEM_ALERT_WINDOW" />
17-->[com.facebook.react:react-android:0.74.3] AndroidManifest.xml:16:5-78
17-->[com.facebook.react:react-android:0.74.3] AndroidManifest.xml:16:22-75
18
19    <uses-feature
19-->[:nenative:] AndroidManifest.xml:7:5-9:35
20        android:glEsVersion="0x00020000"
20-->[:nenative:] AndroidManifest.xml:8:9-41
21        android:required="true" />
21-->[:nenative:] AndroidManifest.xml:9:9-32
22
23    <uses-permission android:name="android.permission.ACCESS_NETWORK_STATE" />
23-->[:nenative:] AndroidManifest.xml:12:5-79
23-->[:nenative:] AndroidManifest.xml:12:22-76
24    <uses-permission android:name="android.permission.ACCESS_COARSE_LOCATION" />
24-->[:nenative:] AndroidManifest.xml:13:5-81
24-->[:nenative:] AndroidManifest.xml:13:22-78
25    <uses-permission android:name="android.permission.ACCESS_FINE_LOCATION" />
25-->[:nenative:] AndroidManifest.xml:14:5-79
25-->[:nenative:] AndroidManifest.xml:14:22-76
26    <uses-permission android:name="android.permission.CHANGE_NETWORK_STATE" />
26-->[:nenative:] AndroidManifest.xml:15:5-79
26-->[:nenative:] AndroidManifest.xml:15:22-76
27    <uses-permission android:name="android.permission.FOREGROUND_SERVICE_DATA_SYNC" />
27-->[:bundle_downloader:] AndroidManifest.xml:10:5-87
27-->[:bundle_downloader:] AndroidManifest.xml:10:22-84
28    <uses-permission android:name="android.permission.FOREGROUND_SERVICE_LOCATION" />
28-->[:libandroid-navigation:] AndroidManifest.xml:7:5-86
28-->[:libandroid-navigation:] AndroidManifest.xml:7:22-83
29    <uses-permission android:name="android.permission.FOREGROUND_SERVICE" />
29-->[:libandroid-navigation-ui:] AndroidManifest.xml:8:5-77
29-->[:libandroid-navigation-ui:] AndroidManifest.xml:8:22-74
30    <uses-permission android:name="android.permission.RECORD_AUDIO" />
30-->[:speech:] AndroidManifest.xml:7:5-71
30-->[:speech:] AndroidManifest.xml:7:22-68
31
32    <permission
32-->[androidx.core:core:1.9.0] AndroidManifest.xml:22:5-24:47
33        android:name="com.itc.DYNAMIC_RECEIVER_NOT_EXPORTED_PERMISSION"
33-->[androidx.core:core:1.9.0] AndroidManifest.xml:23:9-81
34        android:protectionLevel="signature" />
34-->[androidx.core:core:1.9.0] AndroidManifest.xml:24:9-44
35
36    <uses-permission android:name="com.itc.DYNAMIC_RECEIVER_NOT_EXPORTED_PERMISSION" />
36-->[androidx.core:core:1.9.0] AndroidManifest.xml:26:5-97
36-->[androidx.core:core:1.9.0] AndroidManifest.xml:26:22-94
37
38    <application
38-->src\main\AndroidManifest.xml:7:5-46:19
39        android:name="com.itc.MainApplication"
39-->src\main\AndroidManifest.xml:8:9-40
40        android:allowBackup="false"
40-->src\main\AndroidManifest.xml:9:9-36
41        android:appComponentFactory="androidx.core.app.CoreComponentFactory"
41-->[androidx.core:core:1.9.0] AndroidManifest.xml:28:18-86
42        android:debuggable="true"
43        android:extractNativeLibs="false"
44        android:icon="@mipmap/ic_launcher"
44-->src\main\AndroidManifest.xml:10:9-43
45        android:label="@string/app_name"
45-->src\main\AndroidManifest.xml:11:9-41
46        android:roundIcon="@mipmap/ic_launcher_round"
46-->src\main\AndroidManifest.xml:12:9-54
47        android:testOnly="true"
48        android:theme="@style/AppTheme"
48-->src\main\AndroidManifest.xml:13:9-40
49        android:usesCleartextTraffic="true" >
49-->src\debug\AndroidManifest.xml:6:9-44
50        <activity
50-->src\main\AndroidManifest.xml:14:9-26:20
51            android:name="com.itc.MainActivity"
51-->src\main\AndroidManifest.xml:15:13-41
52            android:configChanges="keyboard|keyboardHidden|orientation|screenLayout|screenSize|smallestScreenSize|uiMode"
52-->src\main\AndroidManifest.xml:16:13-122
53            android:exported="true"
53-->src\main\AndroidManifest.xml:17:13-36
54            android:label="@string/app_name"
54-->src\main\AndroidManifest.xml:18:13-45
55            android:launchMode="singleTask"
55-->src\main\AndroidManifest.xml:19:13-44
56            android:windowSoftInputMode="adjustResize" >
56-->src\main\AndroidManifest.xml:20:13-55
57            <intent-filter>
57-->src\main\AndroidManifest.xml:21:13-25:29
58                <action android:name="android.intent.action.MAIN" />
58-->src\main\AndroidManifest.xml:22:17-69
58-->src\main\AndroidManifest.xml:22:25-66
59
60                <category android:name="android.intent.category.LAUNCHER" />
60-->src\main\AndroidManifest.xml:24:17-77
60-->src\main\AndroidManifest.xml:24:27-74
61            </intent-filter>
62        </activity>
63
64        <meta-data
64-->src\main\AndroidManifest.xml:28:9-30:54
65            android:name="ne.sdk.NE_Host"
65-->src\main\AndroidManifest.xml:29:13-42
66            android:value="https://nav.vmmaps.com" />
66-->src\main\AndroidManifest.xml:30:13-51
67        <meta-data
67-->src\main\AndroidManifest.xml:31:9-33:230
68            android:name="ne.sdk.NEAccessToken"
68-->src\main\AndroidManifest.xml:32:13-48
69            android:value="eyJhbGciOiJIUzM4NCIsInR5cCI6IkpXVCJ9.eyJfaWQiOiJ1c3ItNzV1bXJpa2k0YjY0c3AiLCJ0aWQiOiJ0a24tNzV1bXJpa2k0Y2RlY3ciLCJpYXQiOjE2MDY3MjgwMDl9.ck77ElEO7VR-yEJ0RrSHMp9OdDPvYUAuQqc-eASNk-sah2TX-Rhjvj71B2aFFlC-" />
69-->src\main\AndroidManifest.xml:33:13-227
70        <meta-data
70-->src\main\AndroidManifest.xml:34:9-36:37
71            android:name="ne.sdk.VersioningEnabled"
71-->src\main\AndroidManifest.xml:35:13-52
72            android:value="false" />
72-->src\main\AndroidManifest.xml:36:13-34
73        <meta-data
73-->src\main\AndroidManifest.xml:37:9-39:34
74            android:name="ne.sdk.SDK_BASE"
74-->src\main\AndroidManifest.xml:38:13-43
75            android:value="NE" />
75-->src\main\AndroidManifest.xml:39:13-31
76        <meta-data
76-->src\main\AndroidManifest.xml:40:9-42:37
77            android:name="com.dieam.reactnativepushnotification.notification_foreground"
77-->src\main\AndroidManifest.xml:41:13-89
78            android:value="false" /> <!-- Change the resource name to your App's accent color - or any other color you want -->
78-->src\main\AndroidManifest.xml:42:13-34
79        <meta-data
79-->src\main\AndroidManifest.xml:43:9-45:47
80            android:name="com.dieam.reactnativepushnotification.notification_color"
80-->src\main\AndroidManifest.xml:44:13-84
81            android:resource="@color/white" />
81-->src\main\AndroidManifest.xml:45:13-44
82
83        <activity
83-->[com.facebook.react:react-android:0.74.3] AndroidManifest.xml:19:9-21:40
84            android:name="com.facebook.react.devsupport.DevSettingsActivity"
84-->[com.facebook.react:react-android:0.74.3] AndroidManifest.xml:20:13-77
85            android:exported="false" />
85-->[com.facebook.react:react-android:0.74.3] AndroidManifest.xml:21:13-37
86
87        <service
87-->[:nenative:] AndroidManifest.xml:18:9-21:39
88            android:name="com.dot.nenativemap.publicAnnouncement.PublicAnnouncementServices"
88-->[:nenative:] AndroidManifest.xml:19:13-93
89            android:enabled="true"
89-->[:nenative:] AndroidManifest.xml:20:13-35
90            android:exported="true" />
90-->[:nenative:] AndroidManifest.xml:21:13-36
91
92        <receiver
92-->[:bundle_downloader:] AndroidManifest.xml:13:9-20:20
93            android:name="com.virtualmaze.bundle_downloader.receiver.AppUpdateReceiver"
93-->[:bundle_downloader:] AndroidManifest.xml:14:13-88
94            android:enabled="true"
94-->[:bundle_downloader:] AndroidManifest.xml:15:13-35
95            android:exported="true" >
95-->[:bundle_downloader:] AndroidManifest.xml:16:13-36
96            <intent-filter>
96-->[:bundle_downloader:] AndroidManifest.xml:17:13-19:29
97                <action android:name="android.intent.action.MY_PACKAGE_REPLACED" />
97-->[:bundle_downloader:] AndroidManifest.xml:18:17-84
97-->[:bundle_downloader:] AndroidManifest.xml:18:25-81
98            </intent-filter>
99        </receiver>
100
101        <service
101-->[:bundle_downloader:] AndroidManifest.xml:22:9-26:56
102            android:name="com.virtualmaze.bundle_downloader.service.AppUpdateBackgroundService"
102-->[:bundle_downloader:] AndroidManifest.xml:23:13-96
103            android:enabled="true"
103-->[:bundle_downloader:] AndroidManifest.xml:24:13-35
104            android:exported="true"
104-->[:bundle_downloader:] AndroidManifest.xml:25:13-36
105            android:foregroundServiceType="dataSync" />
105-->[:bundle_downloader:] AndroidManifest.xml:26:13-53
106
107        <receiver
107-->[:bundle_downloader:] AndroidManifest.xml:28:9-31:20
108            android:name="com.virtualmaze.bundle_downloader.receiver.NotificationReceiver"
108-->[:bundle_downloader:] AndroidManifest.xml:29:13-91
109            android:exported="true" >
109-->[:bundle_downloader:] AndroidManifest.xml:30:13-36
110        </receiver>
111
112        <service
112-->[:libandroid-navigation:] AndroidManifest.xml:10:9-13:56
113            android:name="com.nenative.services.android.navigation.v5.navigation.NavigationService"
113-->[:libandroid-navigation:] AndroidManifest.xml:11:13-100
114            android:exported="false"
114-->[:libandroid-navigation:] AndroidManifest.xml:12:13-37
115            android:foregroundServiceType="location" />
115-->[:libandroid-navigation:] AndroidManifest.xml:13:13-53
116        <service android:name="com.virtualmaze.telemetry.TelemetryService" />
116-->[:libandroid-navigation:] AndroidManifest.xml:14:9-78
116-->[:libandroid-navigation:] AndroidManifest.xml:14:18-75
117
118        <activity android:name="com.nenative.services.android.navigation.ui.v5.NENativeNavigationActivity" />
118-->[:libandroid-navigation-ui:] AndroidManifest.xml:11:9-110
118-->[:libandroid-navigation-ui:] AndroidManifest.xml:11:19-107
119
120        <meta-data
120-->[:libandroid-navigation-ui:] AndroidManifest.xml:13:9-15:57
121            android:name="preloaded_fonts"
121-->[:libandroid-navigation-ui:] AndroidManifest.xml:14:13-43
122            android:resource="@array/preloaded_fonts" />
122-->[:libandroid-navigation-ui:] AndroidManifest.xml:15:13-54
123
124        <service
124-->[:libandroid-navigation-ui:] AndroidManifest.xml:17:9-19:63
125            android:name="com.nenative.services.android.navigation.ui.v5.ScreenCaptureService"
125-->[:libandroid-navigation-ui:] AndroidManifest.xml:18:13-95
126            android:foregroundServiceType="mediaProjection" />
126-->[:libandroid-navigation-ui:] AndroidManifest.xml:19:13-60
127
128        <activity android:name="com.virtualmaze.speech.HelpActivity" />
128-->[:speech:] AndroidManifest.xml:11:9-72
128-->[:speech:] AndroidManifest.xml:11:19-69
129        <activity android:name="com.virtualmaze.speech.MainActivity" >
129-->[:speech:] AndroidManifest.xml:12:9-16:20
129-->[:speech:] AndroidManifest.xml:12:19-69
130            <meta-data
130-->[:speech:] AndroidManifest.xml:13:13-15:49
131                android:name="android.support.PARENT_ACTIVITY"
131-->[:speech:] AndroidManifest.xml:14:17-63
132                android:value=".MainActivity" />
132-->[:speech:] AndroidManifest.xml:15:17-46
133        </activity>
134
135        <provider
135-->[com.squareup.picasso:picasso:2.71828] AndroidManifest.xml:8:9-11:40
136            android:name="com.squareup.picasso.PicassoProvider"
136-->[com.squareup.picasso:picasso:2.71828] AndroidManifest.xml:9:13-64
137            android:authorities="com.itc.com.squareup.picasso"
137-->[com.squareup.picasso:picasso:2.71828] AndroidManifest.xml:10:13-72
138            android:exported="false" />
138-->[com.squareup.picasso:picasso:2.71828] AndroidManifest.xml:11:13-37
139
140        <activity
140-->[com.google.android.gms:play-services-base:18.1.0] AndroidManifest.xml:20:9-22:45
141            android:name="com.google.android.gms.common.api.GoogleApiActivity"
141-->[com.google.android.gms:play-services-base:18.1.0] AndroidManifest.xml:20:19-85
142            android:exported="false"
142-->[com.google.android.gms:play-services-base:18.1.0] AndroidManifest.xml:22:19-43
143            android:theme="@android:style/Theme.Translucent.NoTitleBar" />
143-->[com.google.android.gms:play-services-base:18.1.0] AndroidManifest.xml:21:19-78
144
145        <meta-data
145-->[com.google.android.gms:play-services-basement:18.1.0] AndroidManifest.xml:21:9-23:69
146            android:name="com.google.android.gms.version"
146-->[com.google.android.gms:play-services-basement:18.1.0] AndroidManifest.xml:22:13-58
147            android:value="@integer/google_play_services_version" />
147-->[com.google.android.gms:play-services-basement:18.1.0] AndroidManifest.xml:23:13-66
148
149        <provider
149-->[androidx.emoji2:emoji2:1.2.0] AndroidManifest.xml:24:9-32:20
150            android:name="androidx.startup.InitializationProvider"
150-->[androidx.emoji2:emoji2:1.2.0] AndroidManifest.xml:25:13-67
151            android:authorities="com.itc.androidx-startup"
151-->[androidx.emoji2:emoji2:1.2.0] AndroidManifest.xml:26:13-68
152            android:exported="false" >
152-->[androidx.emoji2:emoji2:1.2.0] AndroidManifest.xml:27:13-37
153            <meta-data
153-->[androidx.emoji2:emoji2:1.2.0] AndroidManifest.xml:29:13-31:52
154                android:name="androidx.emoji2.text.EmojiCompatInitializer"
154-->[androidx.emoji2:emoji2:1.2.0] AndroidManifest.xml:30:17-75
155                android:value="androidx.startup" />
155-->[androidx.emoji2:emoji2:1.2.0] AndroidManifest.xml:31:17-49
156            <meta-data
156-->[androidx.lifecycle:lifecycle-process:2.8.3] AndroidManifest.xml:29:13-31:52
157                android:name="androidx.lifecycle.ProcessLifecycleInitializer"
157-->[androidx.lifecycle:lifecycle-process:2.8.3] AndroidManifest.xml:30:17-78
158                android:value="androidx.startup" />
158-->[androidx.lifecycle:lifecycle-process:2.8.3] AndroidManifest.xml:31:17-49
159            <meta-data
159-->[androidx.profileinstaller:profileinstaller:1.3.1] AndroidManifest.xml:29:13-31:52
160                android:name="androidx.profileinstaller.ProfileInstallerInitializer"
160-->[androidx.profileinstaller:profileinstaller:1.3.1] AndroidManifest.xml:30:17-85
161                android:value="androidx.startup" />
161-->[androidx.profileinstaller:profileinstaller:1.3.1] AndroidManifest.xml:31:17-49
162        </provider>
163
164        <uses-library
164-->[androidx.window:window:1.0.0] AndroidManifest.xml:25:9-27:40
165            android:name="androidx.window.extensions"
165-->[androidx.window:window:1.0.0] AndroidManifest.xml:26:13-54
166            android:required="false" />
166-->[androidx.window:window:1.0.0] AndroidManifest.xml:27:13-37
167        <uses-library
167-->[androidx.window:window:1.0.0] AndroidManifest.xml:28:9-30:40
168            android:name="androidx.window.sidecar"
168-->[androidx.window:window:1.0.0] AndroidManifest.xml:29:13-51
169            android:required="false" />
169-->[androidx.window:window:1.0.0] AndroidManifest.xml:30:13-37
170
171        <receiver
171-->[androidx.profileinstaller:profileinstaller:1.3.1] AndroidManifest.xml:34:9-52:20
172            android:name="androidx.profileinstaller.ProfileInstallReceiver"
172-->[androidx.profileinstaller:profileinstaller:1.3.1] AndroidManifest.xml:35:13-76
173            android:directBootAware="false"
173-->[androidx.profileinstaller:profileinstaller:1.3.1] AndroidManifest.xml:36:13-44
174            android:enabled="true"
174-->[androidx.profileinstaller:profileinstaller:1.3.1] AndroidManifest.xml:37:13-35
175            android:exported="true"
175-->[androidx.profileinstaller:profileinstaller:1.3.1] AndroidManifest.xml:38:13-36
176            android:permission="android.permission.DUMP" >
176-->[androidx.profileinstaller:profileinstaller:1.3.1] AndroidManifest.xml:39:13-57
177            <intent-filter>
177-->[androidx.profileinstaller:profileinstaller:1.3.1] AndroidManifest.xml:40:13-42:29
178                <action android:name="androidx.profileinstaller.action.INSTALL_PROFILE" />
178-->[androidx.profileinstaller:profileinstaller:1.3.1] AndroidManifest.xml:41:17-91
178-->[androidx.profileinstaller:profileinstaller:1.3.1] AndroidManifest.xml:41:25-88
179            </intent-filter>
180            <intent-filter>
180-->[androidx.profileinstaller:profileinstaller:1.3.1] AndroidManifest.xml:43:13-45:29
181                <action android:name="androidx.profileinstaller.action.SKIP_FILE" />
181-->[androidx.profileinstaller:profileinstaller:1.3.1] AndroidManifest.xml:44:17-85
181-->[androidx.profileinstaller:profileinstaller:1.3.1] AndroidManifest.xml:44:25-82
182            </intent-filter>
183            <intent-filter>
183-->[androidx.profileinstaller:profileinstaller:1.3.1] AndroidManifest.xml:46:13-48:29
184                <action android:name="androidx.profileinstaller.action.SAVE_PROFILE" />
184-->[androidx.profileinstaller:profileinstaller:1.3.1] AndroidManifest.xml:47:17-88
184-->[androidx.profileinstaller:profileinstaller:1.3.1] AndroidManifest.xml:47:25-85
185            </intent-filter>
186            <intent-filter>
186-->[androidx.profileinstaller:profileinstaller:1.3.1] AndroidManifest.xml:49:13-51:29
187                <action android:name="androidx.profileinstaller.action.BENCHMARK_OPERATION" />
187-->[androidx.profileinstaller:profileinstaller:1.3.1] AndroidManifest.xml:50:17-95
187-->[androidx.profileinstaller:profileinstaller:1.3.1] AndroidManifest.xml:50:25-92
188            </intent-filter>
189        </receiver>
190
191        <meta-data
191-->[com.facebook.soloader:soloader:0.10.5] AndroidManifest.xml:12:9-14:37
192            android:name="com.facebook.soloader.enabled"
192-->[com.facebook.soloader:soloader:0.10.5] AndroidManifest.xml:13:13-57
193            android:value="false" />
193-->[com.facebook.soloader:soloader:0.10.5] AndroidManifest.xml:14:13-34
194    </application>
195
196</manifest>